ERROR - 2021-02-21 08:21:02 --> Error connecting to the database: Access denied for user '****'@'localhost'
CRITICAL - 2021-02-21 08:21:02 --> Unable to connect to the database.
#0 /home/afar0308/Documents/htdocs/Mejakita_Intern/CRUD/vendor/codeigniter4/framework/system/Database/BaseConnection.php(618): CodeIgniter\Database\BaseConnection->initialize()
#1 /home/afar0308/Documents/htdocs/Mejakita_Intern/CRUD/vendor/codeigniter4/framework/system/Database/BaseBuilder.php(1866): CodeIgniter\Database\BaseConnection->query('SELECT *\nFROM `...', Array, false)
#2 /home/afar0308/Documents/htdocs/Mejakita_Intern/CRUD/vendor/codeigniter4/framework/system/Model.php(213): CodeIgniter\Database\BaseBuilder->get()
#3 /home/afar0308/Documents/htdocs/Mejakita_Intern/CRUD/vendor/codeigniter4/framework/system/BaseModel.php(583): CodeIgniter\Model->doFindAll(0, 0)
#4 /home/afar0308/Documents/htdocs/Mejakita_Intern/CRUD/app/Controllers/News.php(19): CodeIgniter\BaseModel->findAll()
#5 /home/afar0308/Documents/htdocs/Mejakita_Intern/CRUD/vendor/codeigniter4/framework/system/CodeIgniter.php(936): App\Controllers\News->index()
#6 /home/afar0308/Documents/htdocs/Mejakita_Intern/CRUD/vendor/codeigniter4/framework/system/CodeIgniter.php(432): CodeIgniter\CodeIgniter->runController(Object(App\Controllers\News))
#7 /home/afar0308/Documents/htdocs/Mejakita_Intern/CRUD/vendor/codeigniter4/framework/system/CodeIgniter.php(333): CodeIgniter\CodeIgniter->handleRequest(NULL, Object(Config\Cache), false)
#8 /home/afar0308/Documents/htdocs/Mejakita_Intern/CRUD/public/index.php(44): CodeIgniter\CodeIgniter->run()
#9 /home/afar0308/Documents/htdocs/Mejakita_Intern/CRUD/vendor/codeigniter4/framework/system/Commands/Server/rewrite.php(45): require_once('/home/afar0308/...')
#10 {main}
ERROR - 2021-02-21 08:24:39 --> Error connecting to the database: Access denied for user '****'@'localhost'
CRITICAL - 2021-02-21 08:24:39 --> Unable to connect to the database.
#0 /home/afar0308/Documents/htdocs/Mejakita_Intern/CRUD/vendor/codeigniter4/framework/system/Database/BaseConnection.php(618): CodeIgniter\Database\BaseConnection->initialize()
#1 /home/afar0308/Documents/htdocs/Mejakita_Intern/CRUD/vendor/codeigniter4/framework/system/Database/BaseBuilder.php(1866): CodeIgniter\Database\BaseConnection->query('SELECT *\nFROM `...', Array, false)
#2 /home/afar0308/Documents/htdocs/Mejakita_Intern/CRUD/vendor/codeigniter4/framework/system/Model.php(213): CodeIgniter\Database\BaseBuilder->get()
#3 /home/afar0308/Documents/htdocs/Mejakita_Intern/CRUD/vendor/codeigniter4/framework/system/BaseModel.php(583): CodeIgniter\Model->doFindAll(0, 0)
#4 /home/afar0308/Documents/htdocs/Mejakita_Intern/CRUD/app/Controllers/News.php(19): CodeIgniter\BaseModel->findAll()
#5 /home/afar0308/Documents/htdocs/Mejakita_Intern/CRUD/vendor/codeigniter4/framework/system/CodeIgniter.php(936): App\Controllers\News->index()
#6 /home/afar0308/Documents/htdocs/Mejakita_Intern/CRUD/vendor/codeigniter4/framework/system/CodeIgniter.php(432): CodeIgniter\CodeIgniter->runController(Object(App\Controllers\News))
#7 /home/afar0308/Documents/htdocs/Mejakita_Intern/CRUD/vendor/codeigniter4/framework/system/CodeIgniter.php(333): CodeIgniter\CodeIgniter->handleRequest(NULL, Object(Config\Cache), false)
#8 /home/afar0308/Documents/htdocs/Mejakita_Intern/CRUD/public/index.php(44): CodeIgniter\CodeIgniter->run()
#9 /home/afar0308/Documents/htdocs/Mejakita_Intern/CRUD/vendor/codeigniter4/framework/system/Commands/Server/rewrite.php(45): require_once('/home/afar0308/...')
#10 {main}
ERROR - 2021-02-21 08:24:44 --> Error connecting to the database: Access denied for user '****'@'localhost'
CRITICAL - 2021-02-21 08:24:44 --> Unable to connect to the database.
#0 /home/afar0308/Documents/htdocs/Mejakita_Intern/CRUD/vendor/codeigniter4/framework/system/Database/BaseConnection.php(618): CodeIgniter\Database\BaseConnection->initialize()
#1 /home/afar0308/Documents/htdocs/Mejakita_Intern/CRUD/vendor/codeigniter4/framework/system/Database/BaseBuilder.php(1866): CodeIgniter\Database\BaseConnection->query('SELECT *\nFROM `...', Array, false)
#2 /home/afar0308/Documents/htdocs/Mejakita_Intern/CRUD/vendor/codeigniter4/framework/system/Model.php(213): CodeIgniter\Database\BaseBuilder->get()
#3 /home/afar0308/Documents/htdocs/Mejakita_Intern/CRUD/vendor/codeigniter4/framework/system/BaseModel.php(583): CodeIgniter\Model->doFindAll(0, 0)
#4 /home/afar0308/Documents/htdocs/Mejakita_Intern/CRUD/app/Controllers/News.php(19): CodeIgniter\BaseModel->findAll()
#5 /home/afar0308/Documents/htdocs/Mejakita_Intern/CRUD/vendor/codeigniter4/framework/system/CodeIgniter.php(936): App\Controllers\News->index()
#6 /home/afar0308/Documents/htdocs/Mejakita_Intern/CRUD/vendor/codeigniter4/framework/system/CodeIgniter.php(432): CodeIgniter\CodeIgniter->runController(Object(App\Controllers\News))
#7 /home/afar0308/Documents/htdocs/Mejakita_Intern/CRUD/vendor/codeigniter4/framework/system/CodeIgniter.php(333): CodeIgniter\CodeIgniter->handleRequest(NULL, Object(Config\Cache), false)
#8 /home/afar0308/Documents/htdocs/Mejakita_Intern/CRUD/public/index.php(44): CodeIgniter\CodeIgniter->run()
#9 /home/afar0308/Documents/htdocs/Mejakita_Intern/CRUD/vendor/codeigniter4/framework/system/Commands/Server/rewrite.php(45): require_once('/home/afar0308/...')
#10 {main}
ERROR - 2021-02-21 08:25:22 --> Error connecting to the database: Access denied for user '****'@'localhost'
CRITICAL - 2021-02-21 08:25:22 --> Unable to connect to the database.
#0 /home/afar0308/Documents/htdocs/Mejakita_Intern/CRUD/vendor/codeigniter4/framework/system/Database/BaseConnection.php(618): CodeIgniter\Database\BaseConnection->initialize()
#1 /home/afar0308/Documents/htdocs/Mejakita_Intern/CRUD/vendor/codeigniter4/framework/system/Database/BaseBuilder.php(1866): CodeIgniter\Database\BaseConnection->query('SELECT *\nFROM `...', Array, false)
#2 /home/afar0308/Documents/htdocs/Mejakita_Intern/CRUD/vendor/codeigniter4/framework/system/Model.php(213): CodeIgniter\Database\BaseBuilder->get()
#3 /home/afar0308/Documents/htdocs/Mejakita_Intern/CRUD/vendor/codeigniter4/framework/system/BaseModel.php(583): CodeIgniter\Model->doFindAll(0, 0)
#4 /home/afar0308/Documents/htdocs/Mejakita_Intern/CRUD/app/Controllers/News.php(19): CodeIgniter\BaseModel->findAll()
#5 /home/afar0308/Documents/htdocs/Mejakita_Intern/CRUD/vendor/codeigniter4/framework/system/CodeIgniter.php(936): App\Controllers\News->index()
#6 /home/afar0308/Documents/htdocs/Mejakita_Intern/CRUD/vendor/codeigniter4/framework/system/CodeIgniter.php(432): CodeIgniter\CodeIgniter->runController(Object(App\Controllers\News))
#7 /home/afar0308/Documents/htdocs/Mejakita_Intern/CRUD/vendor/codeigniter4/framework/system/CodeIgniter.php(333): CodeIgniter\CodeIgniter->handleRequest(NULL, Object(Config\Cache), false)
#8 /home/afar0308/Documents/htdocs/Mejakita_Intern/CRUD/public/index.php(44): CodeIgniter\CodeIgniter->run()
#9 /home/afar0308/Documents/htdocs/Mejakita_Intern/CRUD/vendor/codeigniter4/framework/system/Commands/Server/rewrite.php(45): require_once('/home/afar0308/...')
#10 {main}
ERROR - 2021-02-21 08:25:35 --> Error connecting to the database: Access denied for user '****'@'localhost'
CRITICAL - 2021-02-21 08:25:35 --> Unable to connect to the database.
#0 /home/afar0308/Documents/htdocs/Mejakita_Intern/CRUD/vendor/codeigniter4/framework/system/Database/BaseConnection.php(618): CodeIgniter\Database\BaseConnection->initialize()
#1 /home/afar0308/Documents/htdocs/Mejakita_Intern/CRUD/vendor/codeigniter4/framework/system/Database/BaseBuilder.php(1866): CodeIgniter\Database\BaseConnection->query('SELECT *\nFROM `...', Array, false)
#2 /home/afar0308/Documents/htdocs/Mejakita_Intern/CRUD/vendor/codeigniter4/framework/system/Model.php(213): CodeIgniter\Database\BaseBuilder->get()
#3 /home/afar0308/Documents/htdocs/Mejakita_Intern/CRUD/vendor/codeigniter4/framework/system/BaseModel.php(583): CodeIgniter\Model->doFindAll(0, 0)
#4 /home/afar0308/Documents/htdocs/Mejakita_Intern/CRUD/app/Controllers/News.php(19): CodeIgniter\BaseModel->findAll()
#5 /home/afar0308/Documents/htdocs/Mejakita_Intern/CRUD/vendor/codeigniter4/framework/system/CodeIgniter.php(936): App\Controllers\News->index()
#6 /home/afar0308/Documents/htdocs/Mejakita_Intern/CRUD/vendor/codeigniter4/framework/system/CodeIgniter.php(432): CodeIgniter\CodeIgniter->runController(Object(App\Controllers\News))
#7 /home/afar0308/Documents/htdocs/Mejakita_Intern/CRUD/vendor/codeigniter4/framework/system/CodeIgniter.php(333): CodeIgniter\CodeIgniter->handleRequest(NULL, Object(Config\Cache), false)
#8 /home/afar0308/Documents/htdocs/Mejakita_Intern/CRUD/public/index.php(44): CodeIgniter\CodeIgniter->run()
#9 /home/afar0308/Documents/htdocs/Mejakita_Intern/CRUD/vendor/codeigniter4/framework/system/Commands/Server/rewrite.php(45): require_once('/home/afar0308/...')
#10 {main}
ERROR - 2021-02-21 08:25:49 --> Error connecting to the database: Access denied for user '****'@'localhost'
CRITICAL - 2021-02-21 08:25:49 --> Unable to connect to the database.
#0 /home/afar0308/Documents/htdocs/Mejakita_Intern/CRUD/vendor/codeigniter4/framework/system/Database/BaseConnection.php(618): CodeIgniter\Database\BaseConnection->initialize()
#1 /home/afar0308/Documents/htdocs/Mejakita_Intern/CRUD/vendor/codeigniter4/framework/system/Database/BaseBuilder.php(1866): CodeIgniter\Database\BaseConnection->query('SELECT *\nFROM `...', Array, false)
#2 /home/afar0308/Documents/htdocs/Mejakita_Intern/CRUD/vendor/codeigniter4/framework/system/Model.php(213): CodeIgniter\Database\BaseBuilder->get()
#3 /home/afar0308/Documents/htdocs/Mejakita_Intern/CRUD/vendor/codeigniter4/framework/system/BaseModel.php(583): CodeIgniter\Model->doFindAll(0, 0)
#4 /home/afar0308/Documents/htdocs/Mejakita_Intern/CRUD/app/Controllers/News.php(19): CodeIgniter\BaseModel->findAll()
#5 /home/afar0308/Documents/htdocs/Mejakita_Intern/CRUD/vendor/codeigniter4/framework/system/CodeIgniter.php(936): App\Controllers\News->index()
#6 /home/afar0308/Documents/htdocs/Mejakita_Intern/CRUD/vendor/codeigniter4/framework/system/CodeIgniter.php(432): CodeIgniter\CodeIgniter->runController(Object(App\Controllers\News))
#7 /home/afar0308/Documents/htdocs/Mejakita_Intern/CRUD/vendor/codeigniter4/framework/system/CodeIgniter.php(333): CodeIgniter\CodeIgniter->handleRequest(NULL, Object(Config\Cache), false)
#8 /home/afar0308/Documents/htdocs/Mejakita_Intern/CRUD/public/index.php(44): CodeIgniter\CodeIgniter->run()
#9 /home/afar0308/Documents/htdocs/Mejakita_Intern/CRUD/vendor/codeigniter4/framework/system/Commands/Server/rewrite.php(45): require_once('/home/afar0308/...')
#10 {main}
ERROR - 2021-02-21 09:57:47 --> Error connecting to the database: Access denied for user '****'@'localhost'
CRITICAL - 2021-02-21 09:57:47 --> Unable to connect to the database.
#0 /home/afar0308/Documents/htdocs/Mejakita_Intern/CRUD/vendor/codeigniter4/framework/system/Database/BaseConnection.php(618): CodeIgniter\Database\BaseConnection->initialize()
#1 /home/afar0308/Documents/htdocs/Mejakita_Intern/CRUD/vendor/codeigniter4/framework/system/Database/BaseBuilder.php(1866): CodeIgniter\Database\BaseConnection->query('SELECT *\nFROM `...', Array, false)
#2 /home/afar0308/Documents/htdocs/Mejakita_Intern/CRUD/vendor/codeigniter4/framework/system/Model.php(213): CodeIgniter\Database\BaseBuilder->get()
#3 /home/afar0308/Documents/htdocs/Mejakita_Intern/CRUD/vendor/codeigniter4/framework/system/BaseModel.php(583): CodeIgniter\Model->doFindAll(0, 0)
#4 /home/afar0308/Documents/htdocs/Mejakita_Intern/CRUD/app/Controllers/News.php(19): CodeIgniter\BaseModel->findAll()
#5 /home/afar0308/Documents/htdocs/Mejakita_Intern/CRUD/vendor/codeigniter4/framework/system/CodeIgniter.php(936): App\Controllers\News->index()
#6 /home/afar0308/Documents/htdocs/Mejakita_Intern/CRUD/vendor/codeigniter4/framework/system/CodeIgniter.php(432): CodeIgniter\CodeIgniter->runController(Object(App\Controllers\News))
#7 /home/afar0308/Documents/htdocs/Mejakita_Intern/CRUD/vendor/codeigniter4/framework/system/CodeIgniter.php(333): CodeIgniter\CodeIgniter->handleRequest(NULL, Object(Config\Cache), false)
#8 /home/afar0308/Documents/htdocs/Mejakita_Intern/CRUD/public/index.php(44): CodeIgniter\CodeIgniter->run()
#9 /home/afar0308/Documents/htdocs/Mejakita_Intern/CRUD/vendor/codeigniter4/framework/system/Commands/Server/rewrite.php(45): require_once('/home/afar0308/...')
#10 {main}
ERROR - 2021-02-21 09:58:13 --> Error connecting to the database: Access denied for user '****'@'localhost'
CRITICAL - 2021-02-21 09:58:13 --> Unable to connect to the database.
#0 /home/afar0308/Documents/htdocs/Mejakita_Intern/CRUD/vendor/codeigniter4/framework/system/Database/BaseConnection.php(618): CodeIgniter\Database\BaseConnection->initialize()
#1 /home/afar0308/Documents/htdocs/Mejakita_Intern/CRUD/vendor/codeigniter4/framework/system/Database/BaseBuilder.php(1866): CodeIgniter\Database\BaseConnection->query('SELECT *\nFROM `...', Array, false)
#2 /home/afar0308/Documents/htdocs/Mejakita_Intern/CRUD/vendor/codeigniter4/framework/system/Model.php(213): CodeIgniter\Database\BaseBuilder->get()
#3 /home/afar0308/Documents/htdocs/Mejakita_Intern/CRUD/vendor/codeigniter4/framework/system/BaseModel.php(583): CodeIgniter\Model->doFindAll(0, 0)
#4 /home/afar0308/Documents/htdocs/Mejakita_Intern/CRUD/app/Controllers/News.php(19): CodeIgniter\BaseModel->findAll()
#5 /home/afar0308/Documents/htdocs/Mejakita_Intern/CRUD/vendor/codeigniter4/framework/system/CodeIgniter.php(936): App\Controllers\News->index()
#6 /home/afar0308/Documents/htdocs/Mejakita_Intern/CRUD/vendor/codeigniter4/framework/system/CodeIgniter.php(432): CodeIgniter\CodeIgniter->runController(Object(App\Controllers\News))
#7 /home/afar0308/Documents/htdocs/Mejakita_Intern/CRUD/vendor/codeigniter4/framework/system/CodeIgniter.php(333): CodeIgniter\CodeIgniter->handleRequest(NULL, Object(Config\Cache), false)
#8 /home/afar0308/Documents/htdocs/Mejakita_Intern/CRUD/public/index.php(44): CodeIgniter\CodeIgniter->run()
#9 /home/afar0308/Documents/htdocs/Mejakita_Intern/CRUD/vendor/codeigniter4/framework/system/Commands/Server/rewrite.php(45): require_once('/home/afar0308/...')
#10 {main}
ERROR - 2021-02-21 09:58:43 --> Error connecting to the database: Access denied for user '****'@'localhost'
CRITICAL - 2021-02-21 09:58:43 --> Unable to connect to the database.
#0 /home/afar0308/Documents/htdocs/Mejakita_Intern/CRUD/vendor/codeigniter4/framework/system/Database/BaseConnection.php(618): CodeIgniter\Database\BaseConnection->initialize()
#1 /home/afar0308/Documents/htdocs/Mejakita_Intern/CRUD/vendor/codeigniter4/framework/system/Database/BaseBuilder.php(1866): CodeIgniter\Database\BaseConnection->query('SELECT *\nFROM `...', Array, false)
#2 /home/afar0308/Documents/htdocs/Mejakita_Intern/CRUD/vendor/codeigniter4/framework/system/Model.php(213): CodeIgniter\Database\BaseBuilder->get()
#3 /home/afar0308/Documents/htdocs/Mejakita_Intern/CRUD/vendor/codeigniter4/framework/system/BaseModel.php(583): CodeIgniter\Model->doFindAll(0, 0)
#4 /home/afar0308/Documents/htdocs/Mejakita_Intern/CRUD/app/Controllers/News.php(19): CodeIgniter\BaseModel->findAll()
#5 /home/afar0308/Documents/htdocs/Mejakita_Intern/CRUD/vendor/codeigniter4/framework/system/CodeIgniter.php(936): App\Controllers\News->index()
#6 /home/afar0308/Documents/htdocs/Mejakita_Intern/CRUD/vendor/codeigniter4/framework/system/CodeIgniter.php(432): CodeIgniter\CodeIgniter->runController(Object(App\Controllers\News))
#7 /home/afar0308/Documents/htdocs/Mejakita_Intern/CRUD/vendor/codeigniter4/framework/system/CodeIgniter.php(333): CodeIgniter\CodeIgniter->handleRequest(NULL, Object(Config\Cache), false)
#8 /home/afar0308/Documents/htdocs/Mejakita_Intern/CRUD/public/index.php(44): CodeIgniter\CodeIgniter->run()
#9 /home/afar0308/Documents/htdocs/Mejakita_Intern/CRUD/vendor/codeigniter4/framework/system/Commands/Server/rewrite.php(45): require_once('/home/afar0308/...')
#10 {main}
CRITICAL - 2021-02-21 20:11:06 --> Undefined variable: name
#0 /home/afar0308/Documents/htdocs/Mejakita_Intern/CRUD/app/Views/contact.php(9): CodeIgniter\Debug\Exceptions->errorHandler(8, 'Undefined varia...', '/home/afar0308/...', 9, Array)
#1 /home/afar0308/Documents/htdocs/Mejakita_Intern/CRUD/vendor/codeigniter4/framework/system/View/View.php(220): include('/home/afar0308/...')
#2 /home/afar0308/Documents/htdocs/Mejakita_Intern/CRUD/vendor/codeigniter4/framework/system/View/View.php(222): CodeIgniter\View\View->CodeIgniter\View\{closure}()
#3 /home/afar0308/Documents/htdocs/Mejakita_Intern/CRUD/vendor/codeigniter4/framework/system/Common.php(1217): CodeIgniter\View\View->render('contact', Array, true)
#4 /home/afar0308/Documents/htdocs/Mejakita_Intern/CRUD/app/Controllers/Page.php(12): view('contact')
#5 /home/afar0308/Documents/htdocs/Mejakita_Intern/CRUD/vendor/codeigniter4/framework/system/CodeIgniter.php(936): App\Controllers\Page->contact()
#6 /home/afar0308/Documents/htdocs/Mejakita_Intern/CRUD/vendor/codeigniter4/framework/system/CodeIgniter.php(432): CodeIgniter\CodeIgniter->runController(Object(App\Controllers\Page))
#7 /home/afar0308/Documents/htdocs/Mejakita_Intern/CRUD/vendor/codeigniter4/framework/system/CodeIgniter.php(333): CodeIgniter\CodeIgniter->handleRequest(NULL, Object(Config\Cache), false)
#8 /home/afar0308/Documents/htdocs/Mejakita_Intern/CRUD/public/index.php(44): CodeIgniter\CodeIgniter->run()
#9 /home/afar0308/Documents/htdocs/Mejakita_Intern/CRUD/vendor/codeigniter4/framework/system/Commands/Server/rewrite.php(45): require_once('/home/afar0308/...')
#10 {main}
CRITICAL - 2021-02-21 20:11:40 --> Undefined variable: data_faqs
#0 /home/afar0308/Documents/htdocs/Mejakita_Intern/CRUD/app/Views/faqs.php(7): CodeIgniter\Debug\Exceptions->errorHandler(8, 'Undefined varia...', '/home/afar0308/...', 7, Array)
#1 /home/afar0308/Documents/htdocs/Mejakita_Intern/CRUD/vendor/codeigniter4/framework/system/View/View.php(220): include('/home/afar0308/...')
#2 /home/afar0308/Documents/htdocs/Mejakita_Intern/CRUD/vendor/codeigniter4/framework/system/View/View.php(222): CodeIgniter\View\View->CodeIgniter\View\{closure}()
#3 /home/afar0308/Documents/htdocs/Mejakita_Intern/CRUD/vendor/codeigniter4/framework/system/Common.php(1217): CodeIgniter\View\View->render('faqs', Array, true)
#4 /home/afar0308/Documents/htdocs/Mejakita_Intern/CRUD/app/Controllers/Page.php(17): view('faqs')
#5 /home/afar0308/Documents/htdocs/Mejakita_Intern/CRUD/vendor/codeigniter4/framework/system/CodeIgniter.php(936): App\Controllers\Page->faqs()
#6 /home/afar0308/Documents/htdocs/Mejakita_Intern/CRUD/vendor/codeigniter4/framework/system/CodeIgniter.php(432): CodeIgniter\CodeIgniter->runController(Object(App\Controllers\Page))
#7 /home/afar0308/Documents/htdocs/Mejakita_Intern/CRUD/vendor/codeigniter4/framework/system/CodeIgniter.php(333): CodeIgniter\CodeIgniter->handleRequest(NULL, Object(Config\Cache), false)
#8 /home/afar0308/Documents/htdocs/Mejakita_Intern/CRUD/public/index.php(44): CodeIgniter\CodeIgniter->run()
#9 /home/afar0308/Documents/htdocs/Mejakita_Intern/CRUD/vendor/codeigniter4/framework/system/Commands/Server/rewrite.php(45): require_once('/home/afar0308/...')
#10 {main}
CRITICAL - 2021-02-21 20:12:33 --> Undefined variable: name
#0 /home/afar0308/Documents/htdocs/Mejakita_Intern/CRUD/app/Views/contact.php(9): CodeIgniter\Debug\Exceptions->errorHandler(8, 'Undefined varia...', '/home/afar0308/...', 9, Array)
#1 /home/afar0308/Documents/htdocs/Mejakita_Intern/CRUD/vendor/codeigniter4/framework/system/View/View.php(220): include('/home/afar0308/...')
#2 /home/afar0308/Documents/htdocs/Mejakita_Intern/CRUD/vendor/codeigniter4/framework/system/View/View.php(222): CodeIgniter\View\View->CodeIgniter\View\{closure}()
#3 /home/afar0308/Documents/htdocs/Mejakita_Intern/CRUD/vendor/codeigniter4/framework/system/Common.php(1217): CodeIgniter\View\View->render('contact', Array, true)
#4 /home/afar0308/Documents/htdocs/Mejakita_Intern/CRUD/app/Controllers/Page.php(13): view('contact')
#5 /home/afar0308/Documents/htdocs/Mejakita_Intern/CRUD/vendor/codeigniter4/framework/system/CodeIgniter.php(936): App\Controllers\Page->contact()
#6 /home/afar0308/Documents/htdocs/Mejakita_Intern/CRUD/vendor/codeigniter4/framework/system/CodeIgniter.php(432): CodeIgniter\CodeIgniter->runController(Object(App\Controllers\Page))
#7 /home/afar0308/Documents/htdocs/Mejakita_Intern/CRUD/vendor/codeigniter4/framework/system/CodeIgniter.php(333): CodeIgniter\CodeIgniter->handleRequest(NULL, Object(Config\Cache), false)
#8 /home/afar0308/Documents/htdocs/Mejakita_Intern/CRUD/public/index.php(44): CodeIgniter\CodeIgniter->run()
#9 /home/afar0308/Documents/htdocs/Mejakita_Intern/CRUD/vendor/codeigniter4/framework/system/Commands/Server/rewrite.php(45): require_once('/home/afar0308/...')
#10 {main}
CRITICAL - 2021-02-21 20:12:44 --> Undefined variable: name
#0 /home/afar0308/Documents/htdocs/Mejakita_Intern/CRUD/app/Controllers/Page.php(13): CodeIgniter\Debug\Exceptions->errorHandler(8, 'Undefined varia...', '/home/afar0308/...', 13, Array)
#1 /home/afar0308/Documents/htdocs/Mejakita_Intern/CRUD/vendor/codeigniter4/framework/system/CodeIgniter.php(936): App\Controllers\Page->contact()
#2 /home/afar0308/Documents/htdocs/Mejakita_Intern/CRUD/vendor/codeigniter4/framework/system/CodeIgniter.php(432): CodeIgniter\CodeIgniter->runController(Object(App\Controllers\Page))
#3 /home/afar0308/Documents/htdocs/Mejakita_Intern/CRUD/vendor/codeigniter4/framework/system/CodeIgniter.php(333): CodeIgniter\CodeIgniter->handleRequest(NULL, Object(Config\Cache), false)
#4 /home/afar0308/Documents/htdocs/Mejakita_Intern/CRUD/public/index.php(44): CodeIgniter\CodeIgniter->run()
#5 /home/afar0308/Documents/htdocs/Mejakita_Intern/CRUD/vendor/codeigniter4/framework/system/Commands/Server/rewrite.php(45): require_once('/home/afar0308/...')
#6 {main}
CRITICAL - 2021-02-21 20:15:25 --> Undefined variable: data_faqs
#0 /home/afar0308/Documents/htdocs/Mejakita_Intern/CRUD/app/Views/faqs.php(7): CodeIgniter\Debug\Exceptions->errorHandler(8, 'Undefined varia...', '/home/afar0308/...', 7, Array)
#1 /home/afar0308/Documents/htdocs/Mejakita_Intern/CRUD/vendor/codeigniter4/framework/system/View/View.php(220): include('/home/afar0308/...')
#2 /home/afar0308/Documents/htdocs/Mejakita_Intern/CRUD/vendor/codeigniter4/framework/system/View/View.php(222): CodeIgniter\View\View->CodeIgniter\View\{closure}()
#3 /home/afar0308/Documents/htdocs/Mejakita_Intern/CRUD/vendor/codeigniter4/framework/system/Common.php(1217): CodeIgniter\View\View->render('faqs', Array, true)
#4 /home/afar0308/Documents/htdocs/Mejakita_Intern/CRUD/app/Controllers/Page.php(18): view('faqs')
#5 /home/afar0308/Documents/htdocs/Mejakita_Intern/CRUD/vendor/codeigniter4/framework/system/CodeIgniter.php(936): App\Controllers\Page->faqs()
#6 /home/afar0308/Documents/htdocs/Mejakita_Intern/CRUD/vendor/codeigniter4/framework/system/CodeIgniter.php(432): CodeIgniter\CodeIgniter->runController(Object(App\Controllers\Page))
#7 /home/afar0308/Documents/htdocs/Mejakita_Intern/CRUD/vendor/codeigniter4/framework/system/CodeIgniter.php(333): CodeIgniter\CodeIgniter->handleRequest(NULL, Object(Config\Cache), false)
#8 /home/afar0308/Documents/htdocs/Mejakita_Intern/CRUD/public/index.php(44): CodeIgniter\CodeIgniter->run()
#9 /home/afar0308/Documents/htdocs/Mejakita_Intern/CRUD/vendor/codeigniter4/framework/system/Commands/Server/rewrite.php(45): require_once('/home/afar0308/...')
#10 {main}
CRITICAL - 2021-02-21 20:15:47 --> Undefined variable: data_faqs
#0 /home/afar0308/Documents/htdocs/Mejakita_Intern/CRUD/app/Views/faqs.php(7): CodeIgniter\Debug\Exceptions->errorHandler(8, 'Undefined varia...', '/home/afar0308/...', 7, Array)
#1 /home/afar0308/Documents/htdocs/Mejakita_Intern/CRUD/vendor/codeigniter4/framework/system/View/View.php(220): include('/home/afar0308/...')
#2 /home/afar0308/Documents/htdocs/Mejakita_Intern/CRUD/vendor/codeigniter4/framework/system/View/View.php(222): CodeIgniter\View\View->CodeIgniter\View\{closure}()
#3 /home/afar0308/Documents/htdocs/Mejakita_Intern/CRUD/vendor/codeigniter4/framework/system/Common.php(1217): CodeIgniter\View\View->render('faqs', Array, true)
#4 /home/afar0308/Documents/htdocs/Mejakita_Intern/CRUD/app/Controllers/Page.php(32): view('faqs')
#5 /home/afar0308/Documents/htdocs/Mejakita_Intern/CRUD/vendor/codeigniter4/framework/system/CodeIgniter.php(936): App\Controllers\Page->faqs()
#6 /home/afar0308/Documents/htdocs/Mejakita_Intern/CRUD/vendor/codeigniter4/framework/system/CodeIgniter.php(432): CodeIgniter\CodeIgniter->runController(Object(App\Controllers\Page))
#7 /home/afar0308/Documents/htdocs/Mejakita_Intern/CRUD/vendor/codeigniter4/framework/system/CodeIgniter.php(333): CodeIgniter\CodeIgniter->handleRequest(NULL, Object(Config\Cache), false)
#8 /home/afar0308/Documents/htdocs/Mejakita_Intern/CRUD/public/index.php(44): CodeIgniter\CodeIgniter->run()
#9 /home/afar0308/Documents/htdocs/Mejakita_Intern/CRUD/vendor/codeigniter4/framework/system/Commands/Server/rewrite.php(45): require_once('/home/afar0308/...')
#10 {main}
CRITICAL - 2021-02-21 20:15:48 --> Undefined variable: data_faqs
#0 /home/afar0308/Documents/htdocs/Mejakita_Intern/CRUD/app/Views/faqs.php(7): CodeIgniter\Debug\Exceptions->errorHandler(8, 'Undefined varia...', '/home/afar0308/...', 7, Array)
#1 /home/afar0308/Documents/htdocs/Mejakita_Intern/CRUD/vendor/codeigniter4/framework/system/View/View.php(220): include('/home/afar0308/...')
#2 /home/afar0308/Documents/htdocs/Mejakita_Intern/CRUD/vendor/codeigniter4/framework/system/View/View.php(222): CodeIgniter\View\View->CodeIgniter\View\{closure}()
#3 /home/afar0308/Documents/htdocs/Mejakita_Intern/CRUD/vendor/codeigniter4/framework/system/Common.php(1217): CodeIgniter\View\View->render('faqs', Array, true)
#4 /home/afar0308/Documents/htdocs/Mejakita_Intern/CRUD/app/Controllers/Page.php(32): view('faqs')
#5 /home/afar0308/Documents/htdocs/Mejakita_Intern/CRUD/vendor/codeigniter4/framework/system/CodeIgniter.php(936): App\Controllers\Page->faqs()
#6 /home/afar0308/Documents/htdocs/Mejakita_Intern/CRUD/vendor/codeigniter4/framework/system/CodeIgniter.php(432): CodeIgniter\CodeIgniter->runController(Object(App\Controllers\Page))
#7 /home/afar0308/Documents/htdocs/Mejakita_Intern/CRUD/vendor/codeigniter4/framework/system/CodeIgniter.php(333): CodeIgniter\CodeIgniter->handleRequest(NULL, Object(Config\Cache), false)
#8 /home/afar0308/Documents/htdocs/Mejakita_Intern/CRUD/public/index.php(44): CodeIgniter\CodeIgniter->run()
#9 /home/afar0308/Documents/htdocs/Mejakita_Intern/CRUD/vendor/codeigniter4/framework/system/Commands/Server/rewrite.php(45): require_once('/home/afar0308/...')
#10 {main}
CRITICAL - 2021-02-21 20:15:52 --> Undefined variable: data_faqs
#0 /home/afar0308/Documents/htdocs/Mejakita_Intern/CRUD/app/Views/faqs.php(7): CodeIgniter\Debug\Exceptions->errorHandler(8, 'Undefined varia...', '/home/afar0308/...', 7, Array)
#1 /home/afar0308/Documents/htdocs/Mejakita_Intern/CRUD/vendor/codeigniter4/framework/system/View/View.php(220): include('/home/afar0308/...')
#2 /home/afar0308/Documents/htdocs/Mejakita_Intern/CRUD/vendor/codeigniter4/framework/system/View/View.php(222): CodeIgniter\View\View->CodeIgniter\View\{closure}()
#3 /home/afar0308/Documents/htdocs/Mejakita_Intern/CRUD/vendor/codeigniter4/framework/system/Common.php(1217): CodeIgniter\View\View->render('faqs', Array, true)
#4 /home/afar0308/Documents/htdocs/Mejakita_Intern/CRUD/app/Controllers/Page.php(32): view('faqs')
#5 /home/afar0308/Documents/htdocs/Mejakita_Intern/CRUD/vendor/codeigniter4/framework/system/CodeIgniter.php(936): App\Controllers\Page->faqs()
#6 /home/afar0308/Documents/htdocs/Mejakita_Intern/CRUD/vendor/codeigniter4/framework/system/CodeIgniter.php(432): CodeIgniter\CodeIgniter->runController(Object(App\Controllers\Page))
#7 /home/afar0308/Documents/htdocs/Mejakita_Intern/CRUD/vendor/codeigniter4/framework/system/CodeIgniter.php(333): CodeIgniter\CodeIgniter->handleRequest(NULL, Object(Config\Cache), false)
#8 /home/afar0308/Documents/htdocs/Mejakita_Intern/CRUD/public/index.php(44): CodeIgniter\CodeIgniter->run()
#9 /home/afar0308/Documents/htdocs/Mejakita_Intern/CRUD/vendor/codeigniter4/framework/system/Commands/Server/rewrite.php(45): require_once('/home/afar0308/...')
#10 {main}
